<?xml version="1.0" encoding="UTF-8" ?>
<testsuite errors="1" failures="0" hostname="PRG-PRIYANKAY" name="com.sedc.example1.MainActivityTest" tests="1" time="0.0" timestamp="2014-06-25T20:39:23">
  <properties>
[...]
</properties>
  <error message="com.sedc.example1.MainActivityTest" type="java.lang.ClassNotFoundException">java.lang.ClassNotFoundException: com.sedc.example1.MainActivityTest
	at java.lang.ClassLoader.loadClass(ClassLoader.java:358)
	at java.lang.Class.forName0(Native Method)
	at java.lang.Class.forName(Class.java:270)
	at org.eclipse.ant.internal.launching.remote.EclipseDefaultExecutor.executeTargets(EclipseDefaultExecutor.java:32)
	at org.eclipse.ant.internal.launching.remote.InternalAntRunner.run(InternalAntRunner.java:424)
	at org.eclipse.ant.internal.launching.remote.InternalAntRunner.main(InternalAntRunner.java:138)
</error>
  <system-out><![CDATA[]]></system-out>
  <system-err><![CDATA[]]></system-err>
</testsuite>
